SF:lib/generic/genericBorderContainer.dart
DA:5,1
DA:6,1
DA:7,1
DA:8,1
DA:9,1
DA:14,1
DA:15,1
DA:17,1
DA:18,1
DA:19,1
end_of_record
SF:lib/generic/genericIcon.dart
DA:18,3
DA:22,3
DA:26,2
DA:30,2
DA:36,3
DA:38,3
DA:43,4
DA:44,4
DA:50,8
DA:55,1
DA:56,1
DA:65,1
DA:66,1
DA:68,1
DA:72,0
DA:73,0
DA:74,0
DA:76,0
DA:78,0
DA:80,0
DA:82,0
DA:84,0
DA:89,0
DA:90,0
end_of_record
SF:lib/model/course/course.dart
DA:28,11
DA:29,11
DA:33,12
DA:34,12
DA:38,12
DA:39,12
DA:43,12
DA:44,12
DA:48,1
DA:49,1
DA:53,11
DA:54,11
DA:58,12
DA:59,12
DA:63,1
DA:64,1
DA:68,1
DA:69,1
DA:73,12
DA:74,12
DA:78,12
DA:79,12
DA:83,12
DA:84,12
DA:88,12
DA:89,12
DA:93,12
DA:94,12
DA:98,12
DA:99,12
DA:103,12
DA:104,12
DA:108,1
DA:109,4
DA:110,2
DA:111,1
DA:112,2
DA:113,1
DA:114,2
DA:115,1
DA:116,2
DA:119,1
DA:120,1
DA:123,1
DA:124,3
DA:125,1
DA:126,1
DA:127,1
DA:128,1
DA:129,1
DA:130,2
DA:131,2
DA:132,1
DA:133,1
DA:134,1
DA:135,2
DA:136,1
DA:139,12
DA:152,12
DA:154,24
DA:155,12
DA:158,21
DA:159,10
DA:162,22
DA:163,11
DA:165,12
DA:166,12
DA:167,12
DA:168,12
DA:169,12
DA:170,12
DA:171,12
DA:172,12
DA:173,12
DA:174,12
DA:175,12
DA:176,12
DA:177,12
DA:178,12
DA:179,12
DA:180,12
DA:181,12
DA:182,12
DA:209,12
DA:231,48
DA:234,1
DA:236,5
DA:239,0
DA:241,0
DA:253,12
DA:257,1
DA:259,4
DA:260,4
DA:261,2
DA:269,12
DA:272,4
DA:273,8
DA:274,8
DA:276,8
DA:277,11
DA:279,4
DA:282,1
DA:283,4
DA:307,20
DA:308,20
DA:309,20
DA:328,1
DA:330,1
DA:332,1
DA:334,1
DA:340,0
DA:342,0
DA:344,0
DA:346,0
DA:352,1
DA:354,1
DA:355,1
DA:357,1
DA:362,0
DA:363,0
DA:365,0
DA:370,0
DA:371,0
DA:373,0
DA:384,0
DA:386,0
DA:389,0
DA:397,1
DA:399,1
DA:401,0
DA:403,0
DA:409,0
DA:411,0
DA:413,0
DA:415,0
DA:424,5
DA:426,5
DA:428,4
DA:430,4
DA:432,3
DA:434,3
DA:436,1
DA:438,1
DA:445,1
DA:447,1
DA:449,1
DA:451,1
DA:453,1
DA:455,1
DA:457,1
DA:459,1
DA:466,11
DA:468,11
DA:470,11
DA:472,11
DA:474,11
DA:476,11
DA:478,1
DA:480,1
DA:487,1
DA:488,1
DA:489,3
end_of_record
SF:lib/utils/cieStyle.dart
DA:5,0
DA:6,0
DA:12,2
DA:13,2
DA:20,2
DA:21,2
DA:27,2
DA:28,2
DA:34,1
DA:35,1
DA:41,1
DA:42,1
DA:49,4
DA:53,5
DA:54,5
DA:58,4
DA:59,12
DA:62,1
DA:63,1
DA:68,2
DA:69,2
DA:74,1
DA:75,1
DA:81,1
DA:82,1
DA:89,0
DA:90,0
DA:97,1
DA:98,1
DA:101,2
DA:102,2
DA:105,1
DA:106,1
DA:111,1
DA:112,1
DA:116,2
DA:120,4
DA:121,4
DA:124,1
DA:125,1
DA:131,0
DA:132,0
DA:136,1
DA:137,1
DA:144,0
DA:148,1
DA:149,1
DA:155,1
DA:156,1
DA:163,0
DA:164,0
DA:171,1
DA:172,1
DA:176,1
DA:177,1
DA:178,1
DA:183,1
DA:184,1
DA:185,1
DA:191,1
DA:192,1
DA:199,1
DA:203,1
DA:204,1
DA:210,0
DA:211,0
DA:217,1
DA:218,1
DA:224,0
DA:225,0
DA:231,1
DA:232,1
DA:238,0
DA:239,0
DA:245,1
DA:246,1
end_of_record
SF:lib/model/course/details/correlation.dart
DA:3,1
DA:5,1
DA:6,3
DA:7,3
DA:18,1
DA:19,2
DA:20,2
DA:21,2
end_of_record
SF:lib/model/course/details/date.dart
DA:5,11
DA:7,11
DA:8,33
DA:9,33
DA:24,11
DA:25,22
DA:26,22
DA:27,22
DA:28,22
DA:29,33
DA:30,33
DA:31,22
end_of_record
SF:lib/model/course/details/lecturer.dart
DA:2,11
DA:5,11
DA:6,33
DA:7,33
DA:19,11
DA:20,22
DA:21,22
DA:22,22
DA:23,22
end_of_record
SF:lib/model/course/details/room.dart
DA:2,11
DA:4,11
DA:5,33
DA:6,33
DA:18,11
DA:19,22
DA:20,22
DA:21,22
DA:22,22
DA:25,0
DA:26,0
end_of_record
SF:lib/widgets/timeTableItem.dart
DA:12,1
DA:15,1
DA:16,1
DA:17,1
DA:18,1
DA:19,2
DA:20,1
DA:21,1
DA:22,1
DA:23,1
DA:24,3
DA:25,1
DA:32,1
DA:33,1
DA:37,1
DA:38,1
DA:39,1
DA:40,1
DA:42,1
DA:43,1
DA:44,1
DA:45,1
DA:46,1
DA:49,1
DA:51,1
DA:54,1
DA:55,3
DA:56,1
DA:61,1
DA:63,1
DA:65,1
DA:69,1
DA:71,1
DA:72,1
DA:73,4
DA:74,1
DA:75,3
DA:76,1
DA:82,1
DA:84,1
DA:85,1
DA:86,1
DA:87,1
DA:88,1
DA:91,1
DA:93,1
DA:96,1
DA:97,3
DA:98,1
DA:103,1
DA:105,1
DA:107,1
DA:111,1
DA:113,1
DA:114,3
DA:115,1
DA:121,1
DA:122,1
DA:123,1
DA:125,1
DA:127,1
DA:128,1
DA:129,3
DA:130,1
DA:137,2
end_of_record
SF:lib/presenter/courseListPresenter.dart
DA:22,5
DA:23,5
DA:24,15
DA:31,1
DA:32,1
DA:33,2
DA:35,2
DA:37,0
DA:38,0
DA:39,0
DA:45,0
DA:46,0
DA:47,0
DA:48,0
DA:50,0
DA:52,0
DA:53,0
DA:54,0
DA:55,0
DA:58,0
DA:59,0
DA:65,0
DA:66,0
DA:72,0
DA:73,0
DA:75,0
DA:76,0
DA:77,0
DA:80,0
DA:81,0
DA:83,0
DA:84,0
DA:85,0
DA:86,0
DA:87,0
DA:91,0
DA:92,0
DA:93,0
DA:96,0
DA:100,0
DA:101,0
DA:103,0
DA:104,0
DA:105,0
DA:106,0
DA:110,0
DA:113,0
DA:115,0
DA:116,0
DA:117,0
DA:118,0
DA:121,0
DA:124,0
DA:125,0
DA:127,0
DA:135,1
DA:136,2
DA:139,1
DA:140,4
DA:141,4
DA:143,2
DA:144,1
DA:145,4
DA:146,4
DA:147,4
DA:151,0
DA:155,0
DA:156,0
DA:157,0
DA:158,0
DA:160,0
DA:164,4
DA:165,16
DA:168,0
DA:169,0
DA:172,0
DA:176,4
DA:177,8
DA:180,0
DA:181,0
DA:184,2
DA:185,8
DA:188,2
DA:189,10
DA:192,1
DA:193,6
DA:196,3
DA:197,12
DA:200,1
DA:201,4
DA:204,1
DA:205,4
DA:208,1
DA:209,5
DA:212,1
DA:213,5
DA:216,1
DA:217,4
DA:220,2
DA:221,8
DA:223,6
DA:224,2
DA:225,10
DA:226,2
DA:227,8
DA:228,2
DA:229,6
DA:235,3
DA:236,3
DA:238,3
DA:239,9
DA:240,8
DA:241,3
DA:245,4
DA:246,4
DA:250,1
DA:251,1
DA:253,5
DA:254,0
DA:255,0
DA:256,1
DA:260,2
DA:261,10
DA:262,4
DA:263,0
DA:267,0
DA:268,0
DA:269,0
DA:273,1
DA:274,3
DA:277,0
DA:279,0
DA:281,0
DA:284,0
DA:285,0
DA:287,0
DA:288,0
DA:296,0
DA:301,0
DA:302,0
DA:303,0
DA:304,0
DA:306,0
DA:309,0
DA:311,0
DA:312,0
DA:313,0
DA:315,0
DA:316,0
DA:317,0
DA:319,0
DA:323,0
DA:324,0
DA:325,0
DA:327,0
DA:328,0
DA:335,0
DA:336,0
DA:337,0
DA:339,0
DA:340,0
DA:341,0
DA:342,0
DA:343,0
DA:344,0
DA:345,0
DA:346,0
DA:348,0
DA:349,0
DA:350,0
DA:351,0
DA:352,0
DA:353,0
DA:358,1
DA:359,1
DA:361,3
DA:362,0
DA:364,1
DA:367,1
DA:370,2
DA:371,1
DA:372,0
DA:379,0
DA:380,0
DA:382,0
DA:383,0
DA:384,0
DA:391,0
DA:394,0
DA:395,0
DA:397,0
DA:398,0
DA:399,0
DA:400,0
DA:401,0
DA:402,0
DA:404,0
DA:405,0
DA:406,0
DA:407,0
DA:409,0
DA:410,0
end_of_record
SF:lib/presenter/currentUserPresenter.dart
DA:15,5
DA:16,10
DA:17,15
DA:20,2
DA:21,4
DA:24,2
DA:25,6
DA:28,2
DA:29,6
DA:32,2
DA:33,8
DA:34,2
DA:35,6
DA:38,0
DA:39,0
DA:40,0
DA:41,0
DA:44,2
DA:45,6
DA:48,1
DA:49,3
DA:52,2
DA:55,10
DA:56,4
DA:61,1
DA:63,5
DA:64,2
DA:65,0
DA:74,2
DA:75,10
DA:78,2
DA:79,10
DA:82,2
DA:83,12
DA:86,0
DA:87,0
DA:88,0
DA:89,0
DA:92,2
DA:93,4
DA:95,0
DA:96,0
DA:97,0
DA:98,0
DA:99,0
DA:101,0
DA:102,0
DA:103,0
DA:104,0
DA:110,0
DA:111,0
DA:112,0
end_of_record
SF:lib/utils/staticVariables.dart
DA:1,13
end_of_record
SF:lib/widgets/courseList.dart
DA:22,2
DA:26,1
DA:27,1
DA:28,4
DA:31,0
DA:32,0
DA:47,1
DA:50,1
DA:51,1
DA:52,1
DA:53,2
DA:55,0
DA:59,0
DA:62,0
DA:63,0
DA:64,0
DA:65,0
DA:66,0
DA:72,1
DA:73,1
DA:75,2
DA:76,1
DA:77,1
DA:79,1
DA:80,1
DA:82,1
DA:83,2
DA:84,1
DA:91,2
DA:93,1
DA:94,1
DA:96,1
DA:97,3
DA:98,1
DA:100,2
DA:103,1
DA:104,0
DA:105,0
DA:106,0
DA:110,1
DA:112,1
DA:114,1
DA:116,2
DA:117,1
DA:121,1
DA:122,0
DA:125,0
DA:126,0
DA:127,0
DA:133,0
DA:134,0
DA:141,5
DA:142,2
DA:143,4
DA:144,2
DA:145,0
DA:146,2
DA:147,0
DA:148,2
DA:149,0
DA:151,4
DA:152,2
DA:156,2
DA:157,0
DA:159,0
DA:163,1
DA:164,1
DA:165,0
DA:171,1
DA:172,2
DA:176,0
DA:177,0
DA:183,0
DA:186,0
DA:187,0
DA:197,0
DA:199,0
DA:200,0
DA:201,0
DA:202,0
DA:204,0
DA:209,0
DA:210,0
DA:211,0
DA:212,0
DA:216,1
DA:217,1
DA:219,3
DA:220,0
DA:224,0
DA:225,0
DA:227,0
DA:228,0
DA:230,0
DA:234,0
DA:235,0
DA:236,0
DA:241,0
DA:242,0
DA:243,0
DA:244,0
DA:245,0
DA:249,0
DA:250,0
DA:251,0
DA:254,0
DA:256,0
DA:257,0
DA:258,0
end_of_record
SF:lib/di/courses_di.dart
DA:11,5
DA:15,5
DA:16,5
DA:19,5
DA:21,5
DA:23,5
DA:24,5
DA:26,0
end_of_record
SF:lib/main.dart
DA:10,0
DA:15,0
DA:16,0
DA:21,0
DA:23,0
DA:26,0
DA:27,0
DA:30,0
DA:31,0
end_of_record
SF:lib/di/currentUser_di.dart
DA:11,5
DA:15,5
DA:16,5
DA:19,5
DA:21,5
DA:23,5
DA:24,3
DA:26,3
end_of_record
SF:lib/model/user/user.dart
DA:19,6
DA:20,6
DA:24,0
DA:25,0
DA:29,0
DA:30,0
DA:34,6
DA:35,6
DA:39,0
DA:40,0
DA:44,0
DA:45,0
DA:49,6
DA:50,6
DA:54,6
DA:55,6
DA:59,6
DA:60,6
DA:64,6
DA:65,6
DA:69,6
DA:70,6
DA:74,6
DA:75,6
DA:79,6
DA:80,6
DA:84,0
DA:85,0
DA:86,0
DA:87,0
DA:88,0
DA:89,0
DA:90,0
DA:91,0
DA:92,0
DA:93,0
DA:94,0
DA:98,6
DA:101,6
DA:102,30
DA:103,24
DA:104,24
DA:105,6
DA:124,6
DA:128,0
DA:129,0
DA:130,0
DA:131,0
DA:132,0
DA:133,0
DA:134,0
DA:135,0
DA:136,0
DA:137,0
DA:138,0
end_of_record
SF:lib/generic/genericAlert.dart
DA:8,0
DA:10,0
DA:13,0
DA:14,0
DA:15,0
DA:16,0
DA:17,0
DA:19,0
DA:20,0
DA:21,0
DA:24,0
DA:26,0
DA:27,0
DA:28,0
DA:36,0
DA:38,0
DA:41,0
DA:42,0
DA:43,0
DA:46,0
DA:48,0
DA:50,0
DA:51,0
DA:53,0
DA:54,0
end_of_record
SF:lib/widgets/courseListItem.dart
DA:14,2
DA:17,1
DA:18,1
DA:19,1
DA:20,3
DA:21,1
DA:22,3
DA:23,1
DA:27,1
DA:28,1
DA:30,1
DA:33,1
DA:34,1
DA:35,1
DA:36,1
DA:37,5
DA:38,1
DA:41,1
DA:43,1
DA:45,3
DA:46,3
DA:50,1
DA:51,3
DA:52,1
DA:57,2
DA:60,1
DA:61,0
DA:65,1
DA:66,2
DA:69,0
DA:71,0
DA:74,0
DA:77,0
DA:79,0
DA:80,0
DA:91,5
DA:94,0
DA:97,0
DA:98,0
DA:99,0
DA:102,0
DA:104,0
DA:105,0
end_of_record
SF:lib/model/course/courses_mock.dart
DA:10,10
DA:11,20
DA:12,30
DA:13,30
DA:14,20
DA:15,20
DA:16,20
DA:17,20
DA:18,20
DA:19,20
DA:20,20
DA:21,20
DA:22,20
DA:23,20
DA:24,20
DA:25,20
DA:26,20
DA:27,10
DA:31,10
DA:32,20
DA:35,10
DA:37,60
DA:40,10
DA:41,20
DA:44,10
DA:45,20
DA:48,10
DA:49,10
DA:52,10
DA:53,10
DA:56,10
DA:57,30
DA:60,10
DA:61,20
DA:64,0
DA:65,0
DA:68,0
DA:69,0
DA:72,10
DA:76,10
DA:77,10
DA:78,10
DA:79,10
DA:80,10
DA:81,10
DA:83,10
DA:84,10
DA:85,10
DA:86,10
DA:87,10
DA:88,10
DA:89,10
DA:91,10
DA:92,10
DA:93,10
DA:94,10
DA:95,10
DA:96,10
DA:97,10
DA:99,10
DA:100,10
DA:101,10
DA:104,10
DA:105,10
DA:107,10
DA:114,10
DA:115,30
DA:116,30
DA:117,30
DA:118,30
DA:119,30
DA:120,30
DA:123,10
DA:129,20
DA:131,20
DA:132,20
DA:133,10
DA:134,30
DA:135,20
DA:136,40
DA:137,40
DA:138,30
DA:139,10
DA:140,30
DA:141,30
DA:142,50
DA:143,50
DA:144,30
DA:149,20
DA:150,10
DA:151,30
DA:152,20
DA:153,40
DA:154,40
DA:155,30
DA:163,10
DA:164,20
DA:170,10
DA:171,20
DA:178,10
DA:179,10
end_of_record
SF:lib/model/course/courses_prod.dart
DA:7,1
DA:12,1
DA:13,1
end_of_record
SF:lib/utils/routes.dart
DA:11,0
DA:12,0
DA:13,0
DA:14,0
DA:15,0
end_of_record
SF:lib/views/start.dart
DA:9,2
DA:15,1
DA:20,1
DA:21,1
DA:22,2
DA:24,3
DA:26,3
DA:27,1
DA:29,1
DA:30,0
DA:33,2
DA:35,2
DA:38,1
DA:39,2
DA:40,1
DA:44,1
DA:45,1
DA:46,1
DA:48,1
DA:49,2
DA:50,1
DA:51,1
DA:53,1
DA:55,1
DA:58,1
DA:60,1
DA:61,1
DA:62,1
DA:63,1
DA:64,0
DA:65,0
DA:66,1
DA:68,1
DA:72,1
DA:73,1
end_of_record
SF:lib/model/user/currentUser_mock.dart
DA:11,3
DA:12,3
DA:13,3
DA:14,9
DA:15,9
DA:16,9
DA:17,9
DA:19,9
DA:20,9
DA:21,9
DA:22,9
DA:23,9
DA:24,9
DA:25,9
DA:26,9
DA:27,9
DA:29,6
DA:30,3
DA:31,3
DA:32,3
DA:33,3
DA:34,3
DA:35,3
DA:36,3
DA:37,6
DA:38,6
DA:39,3
DA:43,2
DA:44,2
end_of_record
SF:lib/model/user/currentUser_prod.dart
DA:13,4
DA:14,4
DA:15,4
DA:16,12
DA:17,12
DA:18,12
DA:19,12
DA:21,12
DA:22,12
DA:23,12
DA:24,12
DA:25,12
DA:26,12
DA:27,12
DA:28,12
DA:29,12
DA:31,8
DA:32,4
DA:33,4
DA:34,4
DA:35,4
DA:36,4
DA:37,4
DA:38,4
DA:39,8
DA:40,8
DA:41,4
DA:43,8
DA:45,0
DA:46,0
DA:47,0
DA:48,0
DA:49,0
DA:50,0
DA:56,3
DA:57,3
end_of_record
SF:lib/widgets/courseDetails.dart
DA:10,1
DA:17,4
DA:26,1
DA:29,1
DA:30,1
DA:31,1
DA:32,1
DA:34,1
DA:36,1
DA:39,1
DA:40,1
DA:42,1
DA:43,1
DA:44,1
DA:45,1
DA:46,1
DA:48,1
DA:57,0
DA:58,0
DA:59,0
DA:63,0
DA:64,0
DA:67,1
DA:69,1
DA:71,1
DA:72,1
DA:75,2
DA:76,1
DA:77,1
DA:78,1
DA:79,1
DA:80,1
DA:82,2
DA:87,1
DA:89,4
DA:90,3
DA:93,3
DA:97,5
DA:98,0
DA:100,1
DA:103,5
DA:105,0
DA:108,1
DA:110,3
DA:112,1
DA:113,1
DA:116,1
DA:117,3
DA:118,0
DA:119,0
DA:120,0
DA:123,0
DA:124,0
DA:125,0
DA:126,0
DA:130,0
DA:131,0
DA:136,1
DA:137,1
DA:138,1
DA:140,1
DA:147,1
DA:149,1
DA:150,1
DA:152,1
DA:153,1
DA:154,1
DA:156,1
DA:159,1
DA:160,1
DA:161,3
DA:162,1
DA:164,1
DA:165,1
DA:166,3
DA:167,1
DA:169,1
DA:170,3
DA:171,1
DA:173,1
DA:174,1
DA:175,1
DA:176,3
DA:177,1
DA:182,1
DA:183,1
DA:184,1
DA:185,1
DA:186,2
DA:188,4
DA:189,0
DA:198,1
DA:200,1
DA:203,1
DA:205,1
DA:207,1
DA:208,1
DA:210,1
DA:211,1
DA:212,2
DA:213,1
DA:214,1
DA:215,4
DA:216,1
DA:221,1
DA:223,1
DA:224,1
DA:225,1
DA:226,1
DA:227,1
DA:229,5
DA:230,1
DA:237,1
DA:239,1
DA:240,1
DA:242,1
DA:243,1
DA:244,1
DA:245,3
DA:246,1
DA:247,3
DA:248,1
DA:252,1
DA:254,1
DA:256,1
DA:257,0
DA:258,1
DA:259,1
DA:260,1
DA:261,1
DA:263,1
DA:275,1
DA:276,1
DA:277,1
DA:279,1
DA:280,1
DA:281,1
DA:283,1
DA:284,1
DA:285,1
end_of_record
SF:lib/views/login.dart
DA:17,1
DA:20,2
DA:24,1
DA:32,1
DA:33,1
DA:34,2
DA:37,1
DA:38,2
DA:39,3
DA:47,1
DA:48,2
DA:50,1
DA:51,0
DA:53,0
DA:54,0
DA:59,0
DA:60,0
DA:61,0
DA:63,0
DA:66,0
DA:68,0
DA:70,0
DA:72,0
DA:73,0
DA:75,0
DA:80,0
DA:84,1
DA:89,1
DA:90,2
DA:91,2
DA:94,1
DA:95,1
DA:96,1
DA:97,0
DA:99,0
DA:103,1
DA:104,1
DA:105,1
DA:108,0
DA:113,1
DA:114,2
DA:115,0
DA:117,0
DA:122,2
DA:123,1
DA:124,1
DA:125,1
DA:128,1
DA:129,1
DA:131,1
DA:134,1
DA:135,2
DA:136,1
DA:137,1
DA:139,1
DA:142,1
DA:143,1
DA:144,1
DA:150,0
DA:151,0
DA:153,1
DA:155,1
DA:156,1
DA:157,1
DA:158,1
DA:164,0
DA:165,0
DA:167,1
DA:169,1
DA:171,1
DA:172,1
DA:173,1
DA:174,1
DA:175,1
DA:176,1
DA:178,1
DA:182,1
DA:183,0
DA:184,0
DA:185,1
DA:187,1
DA:191,1
DA:193,1
DA:195,1
DA:196,1
DA:197,1
DA:198,1
DA:200,1
DA:204,1
DA:205,2
DA:207,1
DA:209,1
DA:221,1
DA:223,2
DA:224,2
DA:225,1
DA:228,1
DA:234,0
DA:242,2
DA:244,0
DA:245,0
DA:247,0
DA:250,0
DA:251,0
DA:252,0
DA:253,0
DA:254,0
DA:255,0
DA:256,0
DA:257,0
end_of_record
SF:lib/views/tabs.dart
DA:16,2
DA:28,1
DA:29,1
DA:31,2
DA:32,3
DA:33,3
DA:34,3
DA:36,2
DA:37,2
DA:38,4
DA:42,1
DA:43,1
DA:44,2
DA:47,1
DA:48,1
DA:49,3
DA:54,1
DA:55,1
DA:56,1
DA:57,1
DA:58,1
DA:59,1
DA:62,1
DA:65,1
DA:66,1
DA:67,1
DA:68,1
DA:69,2
DA:70,2
DA:72,1
DA:73,2
DA:75,2
DA:76,2
DA:77,2
DA:80,1
DA:81,1
DA:82,1
DA:84,2
DA:85,1
DA:86,1
DA:87,1
DA:89,2
DA:91,1
DA:96,0
DA:97,0
DA:100,0
DA:101,0
DA:102,0
DA:103,0
DA:105,0
DA:110,1
end_of_record
SF:lib/widgets/CiEAnimation.dart
DA:9,1
DA:12,1
DA:13,1
DA:14,1
DA:15,1
DA:16,2
DA:17,1
DA:18,1
DA:19,2
DA:20,2
DA:21,2
end_of_record
SF:lib/views/maps.dart
DA:10,2
DA:13,2
DA:42,1
DA:43,1
DA:44,2
DA:47,1
DA:49,1
DA:50,0
DA:51,1
DA:52,1
DA:53,0
DA:54,0
DA:56,0
DA:60,1
DA:61,1
DA:63,4
DA:65,3
DA:66,2
DA:67,0
DA:68,0
DA:69,0
DA:75,1
DA:76,1
DA:77,1
DA:78,1
DA:80,1
DA:81,1
DA:83,1
DA:84,1
DA:86,1
DA:88,1
DA:89,1
DA:90,1
DA:92,1
DA:93,1
DA:95,1
DA:97,1
DA:98,1
DA:99,1
DA:109,1
DA:110,1
DA:111,1
DA:112,1
DA:113,1
DA:114,1
end_of_record
SF:lib/views/schedule.dart
DA:14,1
DA:17,3
DA:23,1
DA:26,1
DA:27,1
DA:28,2
DA:29,1
DA:30,2
DA:35,1
DA:36,1
DA:37,2
DA:38,3
DA:40,2
DA:42,2
DA:43,3
DA:46,1
DA:51,1
DA:54,2
DA:55,2
DA:65,0
DA:67,0
DA:68,0
DA:72,0
DA:73,0
DA:82,1
DA:85,1
DA:86,4
DA:95,1
DA:97,1
DA:98,1
DA:101,2
DA:102,0
DA:105,0
DA:106,0
DA:107,0
DA:108,0
DA:109,0
DA:110,0
DA:111,0
DA:112,0
DA:114,0
DA:116,0
DA:121,1
DA:123,2
DA:129,1
DA:130,3
DA:138,1
DA:141,1
DA:142,1
DA:143,1
DA:144,1
DA:145,2
DA:146,1
DA:148,1
DA:149,2
DA:150,1
DA:151,1
DA:152,1
DA:153,2
DA:155,2
DA:158,2
DA:165,1
DA:166,1
DA:167,1
DA:169,1
DA:170,1
DA:171,1
DA:173,1
DA:174,1
DA:175,1
end_of_record
SF:lib/views/settings.dart
DA:16,2
DA:19,3
DA:29,1
DA:32,1
DA:33,1
DA:34,2
DA:35,3
DA:36,3
DA:37,2
DA:38,3
DA:39,4
DA:41,3
DA:42,0
DA:45,4
DA:46,2
DA:50,1
DA:51,1
DA:52,1
DA:53,1
DA:54,1
DA:56,1
DA:58,1
DA:59,1
DA:60,1
DA:61,1
DA:62,1
DA:63,1
DA:64,1
DA:74,1
DA:75,1
DA:76,1
DA:79,1
DA:80,1
DA:81,1
DA:83,1
DA:85,1
DA:86,3
DA:87,1
DA:91,1
DA:92,0
DA:93,1
DA:94,1
DA:96,2
DA:97,0
DA:99,0
DA:101,1
DA:103,1
DA:106,1
DA:109,1
DA:110,2
DA:111,1
DA:112,1
DA:114,1
DA:116,1
DA:123,1
DA:125,1
DA:126,1
DA:127,1
DA:129,1
DA:130,1
DA:131,1
DA:132,1
DA:133,1
DA:135,1
DA:136,3
DA:137,1
DA:141,1
DA:144,1
DA:145,1
DA:146,1
DA:147,1
DA:148,1
DA:150,1
DA:151,3
DA:152,1
DA:156,1
DA:159,1
DA:160,1
DA:161,1
DA:162,1
DA:163,1
DA:164,1
DA:165,1
DA:166,1
DA:168,1
DA:170,1
DA:174,1
DA:177,1
DA:179,2
DA:180,1
DA:181,1
DA:183,1
DA:185,4
DA:189,1
DA:190,2
DA:192,1
DA:194,2
DA:195,1
DA:196,1
DA:197,1
DA:198,3
DA:199,1
DA:203,3
DA:206,1
DA:207,1
DA:208,1
DA:210,1
DA:211,0
DA:213,1
DA:215,1
DA:216,1
DA:217,1
DA:218,1
DA:219,1
DA:220,1
DA:228,1
DA:237,0
DA:238,0
DA:239,0
DA:241,0
DA:245,0
DA:247,0
DA:250,1
DA:251,1
DA:252,1
DA:255,1
DA:256,1
DA:257,1
DA:258,1
DA:259,1
DA:260,0
DA:261,0
DA:263,0
DA:265,0
DA:267,0
DA:271,2
DA:272,1
DA:273,1
DA:275,0
DA:276,0
end_of_record
SF:lib/views/takenCourses.dart
DA:9,1
DA:13,2
DA:22,1
DA:23,1
DA:24,1
DA:25,1
DA:27,1
DA:29,1
DA:32,1
DA:33,1
DA:34,1
DA:35,1
DA:36,1
DA:37,1
DA:40,1
DA:41,1
DA:42,1
DA:43,3
DA:44,1
DA:46,1
DA:50,1
DA:51,3
DA:56,0
end_of_record
SF:lib/widgets/privacyPage.dart
DA:8,1
DA:12,2
DA:20,1
DA:21,1
DA:22,2
DA:26,1
DA:27,2
DA:28,0
DA:29,0
DA:31,2
DA:32,1
DA:34,1
DA:35,1
DA:36,1
DA:38,1
DA:40,1
DA:43,1
DA:44,1
DA:46,1
DA:47,1
DA:48,1
DA:50,1
DA:51,1
DA:52,1
DA:53,1
DA:56,1
DA:57,1
DA:58,1
DA:59,1
DA:60,1
DA:61,1
DA:63,1
DA:64,1
DA:65,1
DA:70,1
DA:72,1
DA:80,1
DA:81,1
DA:82,1
DA:83,1
DA:84,1
DA:86,1
DA:87,1
DA:88,1
DA:101,1
DA:102,2
DA:103,2
end_of_record
SF:lib/widgets/prevCourseList.dart
DA:9,1
DA:12,1
DA:13,2
DA:20,1
DA:23,1
DA:25,1
DA:26,1
DA:27,2
DA:28,3
DA:31,0
DA:32,0
end_of_record
SF:lib/widgets/prevCourseListItem.dart
DA:10,1
DA:13,1
DA:14,3
DA:22,1
DA:25,1
DA:26,1
DA:27,1
DA:28,3
DA:29,1
DA:31,1
DA:32,1
DA:33,1
DA:34,1
DA:35,1
DA:36,1
DA:37,4
DA:38,1
DA:41,1
DA:42,5
DA:43,1
end_of_record
SF:lib/utils/fileStore.dart
DA:12,5
DA:13,10
DA:14,0
DA:15,0
DA:18,5
DA:20,10
DA:21,0
DA:23,1
DA:28,0
DA:29,0
DA:30,0
DA:31,0
DA:32,0
end_of_record
SF:lib/utils/nineAPIConsumer.dart
DA:11,2
DA:12,4
DA:13,0
DA:14,0
DA:15,0
DA:17,0
DA:18,0
DA:21,0
DA:22,0
DA:23,0
DA:24,0
DA:30,2
DA:31,6
DA:32,0
DA:33,0
end_of_record
